<?xml version="1.0" encoding="UTF-8"?>
<testng-results ignored="0" total="1" passed="1" failed="0" skipped="0">
  <reporter-output>
  </reporter-output>
  <suite started-at="2022-10-28T13:39:12 TRT" name="Default Suite" finished-at="2022-10-28T13:39:37 TRT" duration-ms="24586">
    <groups>
    </groups>
    <test started-at="2022-10-28T13:39:12 TRT" name="A101-Final-Case-Automation" finished-at="2022-10-28T13:39:37 TRT" duration-ms="24586">
      <class name="WithRegistrationTest">
        <test-method is-config="true" signature="setUp()[pri:0, instance:WithRegistrationTest@12b0404f]" started-at="2022-10-28T13:39:12 TRT" name="setUp" finished-at="2022-10-28T13:39:16 TRT" duration-ms="4076" status="PASS">
          <reporter-output>
          </reporter-output>
        </test-method> <!-- setUp -->
        <test-method signature="addProductToCartWithRegister()[pri:0, instance:WithRegistrationTest@12b0404f]" started-at="2022-10-28T13:39:16 TRT" name="addProductToCartWithRegister" finished-at="2022-10-28T13:39:37 TRT" duration-ms="20423" status="PASS">
          <reporter-output>
          </reporter-output>
        </test-method> <!-- addProductToCartWithRegister -->
        <test-method is-config="true" signature="quit()[pri:0, instance:WithRegistrationTest@12b0404f]" started-at="2022-10-28T13:39:37 TRT" name="quit" finished-at="2022-10-28T13:39:37 TRT" duration-ms="66" status="PASS">
          <reporter-output>
          </reporter-output>
        </test-method> <!-- quit -->
      </class> <!-- WithRegistrationTest -->
    </test> <!-- A101-Final-Case-Automation -->
  </suite> <!-- Default Suite -->
</testng-results>
