<?xml version="1.0" encoding="UTF-8"?>
<testng-results ignored="0" total="1" passed="1" failed="0" skipped="0">
  <reporter-output>
  </reporter-output>
  <suite started-at="2022-10-27T23:03:53 TRT" name="Default Suite" finished-at="2022-10-27T23:04:20 TRT" duration-ms="27214">
    <groups>
    </groups>
    <test started-at="2022-10-27T23:03:53 TRT" name="A101-Final-Case-Automation" finished-at="2022-10-27T23:04:20 TRT" duration-ms="27214">
      <class name="WithRegistrationTest">
        <test-method is-config="true" signature="setUp()[pri:0, instance:WithRegistrationTest@229d10bd]" started-at="2022-10-27T23:03:53 TRT" name="setUp" finished-at="2022-10-27T23:03:58 TRT" duration-ms="4988" status="PASS">
          <reporter-output>
          </reporter-output>
        </test-method> <!-- setUp -->
        <test-method signature="addProductToCartWithRegister()[pri:0, instance:WithRegistrationTest@229d10bd]" started-at="2022-10-27T23:03:58 TRT" name="addProductToCartWithRegister" finished-at="2022-10-27T23:04:20 TRT" duration-ms="22083" status="PASS">
          <reporter-output>
          </reporter-output>
        </test-method> <!-- addProductToCartWithRegister -->
        <test-method is-config="true" signature="quit()[pri:0, instance:WithRegistrationTest@229d10bd]" started-at="2022-10-27T23:04:20 TRT" name="quit" finished-at="2022-10-27T23:04:20 TRT" duration-ms="124" status="PASS">
          <reporter-output>
          </reporter-output>
        </test-method> <!-- quit -->
      </class> <!-- WithRegistrationTest -->
    </test> <!-- A101-Final-Case-Automation -->
  </suite> <!-- Default Suite -->
</testng-results>
