<?xml version="1.0" encoding="UTF-8"?>
<testng-results ignored="0" total="1" passed="1" failed="0" skipped="0">
  <reporter-output>
  </reporter-output>
  <suite started-at="2023-01-20T15:54:58 TRT" name="Default Suite" finished-at="2023-01-20T15:55:22 TRT" duration-ms="23449">
    <groups>
    </groups>
    <test started-at="2023-01-20T15:54:58 TRT" name="A101-Final-Case-Automation" finished-at="2023-01-20T15:55:22 TRT" duration-ms="23449">
      <class name="tests.WithoutRegistrationTest">
        <test-method is-config="true" signature="setUp()[pri:0, instance:tests.WithoutRegistrationTest@161479c6]" started-at="2023-01-20T15:54:58 TRT" name="setUp" finished-at="2023-01-20T15:55:04 TRT" duration-ms="5626" status="PASS">
          <reporter-output>
          </reporter-output>
        </test-method> <!-- setUp -->
        <test-method signature="addProductToCartWithoutRegister()[pri:0, instance:tests.WithoutRegistrationTest@161479c6]" started-at="2023-01-20T15:55:04 TRT" name="addProductToCartWithoutRegister" finished-at="2023-01-20T15:55:21 TRT" duration-ms="17667" status="PASS">
          <reporter-output>
          </reporter-output>
        </test-method> <!-- addProductToCartWithoutRegister -->
        <test-method is-config="true" signature="quit()[pri:0, instance:tests.WithoutRegistrationTest@161479c6]" started-at="2023-01-20T15:55:22 TRT" name="quit" finished-at="2023-01-20T15:55:22 TRT" duration-ms="129" status="PASS">
          <reporter-output>
          </reporter-output>
        </test-method> <!-- quit -->
      </class> <!-- tests.WithoutRegistrationTest -->
    </test> <!-- A101-Final-Case-Automation -->
  </suite> <!-- Default Suite -->
</testng-results>
