<?xml version="1.0" encoding="UTF-8"?>
<testng-results ignored="0" total="2" passed="2" failed="0" skipped="0">
  <reporter-output>
  </reporter-output>
  <suite started-at="2022-11-01T13:15:17 TRT" name="Single Thread All Test Cases" finished-at="2022-11-01T13:16:02 TRT" duration-ms="44866">
    <groups>
    </groups>
    <test started-at="2022-11-01T13:15:17 TRT" name="Tests" finished-at="2022-11-01T13:16:02 TRT" duration-ms="44866">
      <class name="tests.WithRegistrationTest">
        <test-method is-config="true" signature="setUp()[pri:0, instance:tests.WithRegistrationTest@18ce0030]" started-at="2022-11-01T13:15:17 TRT" name="setUp" finished-at="2022-11-01T13:15:22 TRT" duration-ms="4899" status="PASS">
          <reporter-output>
          </reporter-output>
        </test-method> <!-- setUp -->
        <test-method signature="addProductToCartWithRegister()[pri:0, instance:tests.WithRegistrationTest@18ce0030]" started-at="2022-11-01T13:15:22 TRT" name="addProductToCartWithRegister" finished-at="2022-11-01T13:15:46 TRT" duration-ms="23873" status="PASS">
          <reporter-output>
          </reporter-output>
        </test-method> <!-- addProductToCartWithRegister -->
        <test-method is-config="true" signature="quit()[pri:0, instance:tests.WithRegistrationTest@18ce0030]" started-at="2022-11-01T13:15:46 TRT" name="quit" finished-at="2022-11-01T13:15:46 TRT" duration-ms="122" status="PASS">
          <reporter-output>
          </reporter-output>
        </test-method> <!-- quit -->
      </class> <!-- tests.WithRegistrationTest -->
      <class name="tests.WithoutRegistrationTest">
        <test-method is-config="true" signature="setUp()[pri:0, instance:tests.WithoutRegistrationTest@6dbb137d]" started-at="2022-11-01T13:15:46 TRT" name="setUp" finished-at="2022-11-01T13:15:50 TRT" duration-ms="3746" status="PASS">
          <reporter-output>
          </reporter-output>
        </test-method> <!-- setUp -->
        <test-method signature="addProductToCartWithoutRegister()[pri:0, instance:tests.WithoutRegistrationTest@6dbb137d]" started-at="2022-11-01T13:15:50 TRT" name="addProductToCartWithoutRegister" finished-at="2022-11-01T13:16:02 TRT" duration-ms="12137" status="PASS">
          <reporter-output>
          </reporter-output>
        </test-method> <!-- addProductToCartWithoutRegister -->
        <test-method is-config="true" signature="quit()[pri:0, instance:tests.WithoutRegistrationTest@6dbb137d]" started-at="2022-11-01T13:16:02 TRT" name="quit" finished-at="2022-11-01T13:16:02 TRT" duration-ms="66" status="PASS">
          <reporter-output>
          </reporter-output>
        </test-method> <!-- quit -->
      </class> <!-- tests.WithoutRegistrationTest -->
    </test> <!-- Tests -->
  </suite> <!-- Single Thread All Test Cases -->
</testng-results>
