<?xml version="1.0" encoding="UTF-8"?>
<testng-results ignored="0" total="2" passed="2" failed="0" skipped="0">
  <reporter-output>
  </reporter-output>
  <suite started-at="2022-11-01T14:46:02 TRT" name="Single Thread All Test Cases" finished-at="2022-11-01T14:46:48 TRT" duration-ms="45357">
    <groups>
    </groups>
    <test started-at="2022-11-01T14:46:02 TRT" name="Tests" finished-at="2022-11-01T14:46:48 TRT" duration-ms="45357">
      <class name="tests.WithRegistrationTest">
        <test-method is-config="true" signature="setUp()[pri:0, instance:tests.WithRegistrationTest@18ce0030]" started-at="2022-11-01T14:46:02 TRT" name="setUp" finished-at="2022-11-01T14:46:07 TRT" duration-ms="4676" status="PASS">
          <reporter-output>
          </reporter-output>
        </test-method> <!-- setUp -->
        <test-method signature="addProductToCartWithRegister()[pri:0, instance:tests.WithRegistrationTest@18ce0030]" started-at="2022-11-01T14:46:07 TRT" name="addProductToCartWithRegister" finished-at="2022-11-01T14:46:32 TRT" duration-ms="24601" status="PASS">
          <reporter-output>
          </reporter-output>
        </test-method> <!-- addProductToCartWithRegister -->
        <test-method is-config="true" signature="quit()[pri:0, instance:tests.WithRegistrationTest@18ce0030]" started-at="2022-11-01T14:46:32 TRT" name="quit" finished-at="2022-11-01T14:46:32 TRT" duration-ms="116" status="PASS">
          <reporter-output>
          </reporter-output>
        </test-method> <!-- quit -->
      </class> <!-- tests.WithRegistrationTest -->
      <class name="tests.WithoutRegistrationTest">
        <test-method is-config="true" signature="setUp()[pri:0, instance:tests.WithoutRegistrationTest@6dbb137d]" started-at="2022-11-01T14:46:32 TRT" name="setUp" finished-at="2022-11-01T14:46:35 TRT" duration-ms="3544" status="PASS">
          <reporter-output>
          </reporter-output>
        </test-method> <!-- setUp -->
        <test-method signature="addProductToCartWithoutRegister()[pri:0, instance:tests.WithoutRegistrationTest@6dbb137d]" started-at="2022-11-01T14:46:35 TRT" name="addProductToCartWithoutRegister" finished-at="2022-11-01T14:46:48 TRT" duration-ms="12300" status="PASS">
          <reporter-output>
          </reporter-output>
        </test-method> <!-- addProductToCartWithoutRegister -->
        <test-method is-config="true" signature="quit()[pri:0, instance:tests.WithoutRegistrationTest@6dbb137d]" started-at="2022-11-01T14:46:48 TRT" name="quit" finished-at="2022-11-01T14:46:48 TRT" duration-ms="97" status="PASS">
          <reporter-output>
          </reporter-output>
        </test-method> <!-- quit -->
      </class> <!-- tests.WithoutRegistrationTest -->
    </test> <!-- Tests -->
  </suite> <!-- Single Thread All Test Cases -->
</testng-results>
