<?xml version="1.0" encoding="UTF-8"?>
<testng-results ignored="0" total="2" passed="2" failed="0" skipped="0">
  <reporter-output>
  </reporter-output>
  <suite started-at="2022-10-29T21:41:28 TRT" name="Single Thread All Test Cases" finished-at="2022-10-29T21:42:15 TRT" duration-ms="46356">
    <groups>
    </groups>
    <test started-at="2022-10-29T21:41:28 TRT" name="Tests" finished-at="2022-10-29T21:42:15 TRT" duration-ms="46356">
      <class name="tests.WithRegistrationTest">
        <test-method is-config="true" signature="setUp()[pri:0, instance:tests.WithRegistrationTest@47542153]" started-at="2022-10-29T21:41:28 TRT" name="setUp" finished-at="2022-10-29T21:41:33 TRT" duration-ms="4416" status="PASS">
          <reporter-output>
          </reporter-output>
        </test-method> <!-- setUp -->
        <test-method signature="addProductToCartWithRegister()[pri:0, instance:tests.WithRegistrationTest@47542153]" started-at="2022-10-29T21:41:33 TRT" name="addProductToCartWithRegister" finished-at="2022-10-29T21:41:57 TRT" duration-ms="24341" status="PASS">
          <reporter-output>
          </reporter-output>
        </test-method> <!-- addProductToCartWithRegister -->
      </class> <!-- tests.WithRegistrationTest -->
      <class name="tests.WithoutRegistrationTest">
        <test-method is-config="true" signature="setUp()[pri:0, instance:tests.WithoutRegistrationTest@4df50bcc]" started-at="2022-10-29T21:41:57 TRT" name="setUp" finished-at="2022-10-29T21:42:01 TRT" duration-ms="3646" status="PASS">
          <reporter-output>
          </reporter-output>
        </test-method> <!-- setUp -->
        <test-method signature="addProductToCartWithoutRegister()[pri:0, instance:tests.WithoutRegistrationTest@4df50bcc]" started-at="2022-10-29T21:42:01 TRT" name="addProductToCartWithoutRegister" finished-at="2022-10-29T21:42:15 TRT" duration-ms="13925" status="PASS">
          <reporter-output>
          </reporter-output>
        </test-method> <!-- addProductToCartWithoutRegister -->
      </class> <!-- tests.WithoutRegistrationTest -->
    </test> <!-- Tests -->
  </suite> <!-- Single Thread All Test Cases -->
</testng-results>
