<?xml version="1.0" encoding="UTF-8"?>
<testng-results ignored="0" total="1" passed="1" failed="0" skipped="0">
  <reporter-output>
  </reporter-output>
  <suite started-at="2022-10-26T16:41:56 TRT" name="Default Suite" finished-at="2022-10-26T16:42:19 TRT" duration-ms="23309">
    <groups>
    </groups>
    <test started-at="2022-10-26T16:41:56 TRT" name="A101-Final-Case-Automation" finished-at="2022-10-26T16:42:19 TRT" duration-ms="23309">
      <class name="WithRegistrationTest">
        <test-method is-config="true" signature="setUp()[pri:0, instance:WithRegistrationTest@63a65a25]" started-at="2022-10-26T16:41:56 TRT" name="setUp" finished-at="2022-10-26T16:42:00 TRT" duration-ms="3927" status="PASS">
          <reporter-output>
          </reporter-output>
        </test-method> <!-- setUp -->
        <test-method signature="addProductToCartWithRegister()[pri:0, instance:WithRegistrationTest@63a65a25]" started-at="2022-10-26T16:42:00 TRT" name="addProductToCartWithRegister" finished-at="2022-10-26T16:42:19 TRT" duration-ms="19361" status="PASS">
          <reporter-output>
          </reporter-output>
        </test-method> <!-- addProductToCartWithRegister -->
      </class> <!-- WithRegistrationTest -->
    </test> <!-- A101-Final-Case-Automation -->
  </suite> <!-- Default Suite -->
</testng-results>
